#
# A fatal error has been detected by the Java Runtime Environment:
#
#  EXCEPTION_ACCESS_VIOLATION (0xc0000005) at pc=0x00007ffea91e6683, pid=13572, tid=11852
#
# JRE version: OpenJDK Runtime Environment Temurin-21.0.10+7 (21.0.10+7) (build 21.0.10+7-LTS)
# Java VM: OpenJDK 64-Bit Server VM Temurin-21.0.10+7 (21.0.10+7-LTS, mixed mode, sharing, tiered, compressed oops, compressed class ptrs, parallel gc, windows-amd64)
# Problematic frame:
# V  [jvm.dll+0x3e6683]
#
# No core dump will be written. Minidumps are not enabled by default on client versions of Windows
#
# If you would like to submit a bug report, please visit:
#   https://github.com/adoptium/adoptium-support/issues
#

---------------  S U M M A R Y ------------

Command Line: --add-modules=ALL-SYSTEM --add-opens=java.base/java.util=ALL-UNNAMED --add-opens=java.base/java.lang=ALL-UNNAMED --add-opens=java.base/sun.nio.fs=ALL-UNNAMED -Declipse.application=org.eclipse.jdt.ls.core.id1 -Dosgi.bundles.defaultStartLevel=4 -Declipse.product=org.eclipse.jdt.ls.core.product -Djava.import.generatesMetadataFilesAtProjectRoot=false -DDetectVMInstallationsJob.disabled=true -Dfile.encoding=utf8 -XX:+UseParallelGC -XX:GCTimeRatio=4 -XX:AdaptiveSizePolicyWeight=90 -Dsun.zip.disableMemoryMapping=true -Xmx2G -Xms100m -Xlog:disable -javaagent:c:\Users\Mangesh\.antigravity\extensions\redhat.java-1.53.0-win32-x64\lombok\lombok-1.18.39-4050.jar -XX:+HeapDumpOnOutOfMemoryError -XX:HeapDumpPath=c:\Users\Mangesh\AppData\Roaming\Antigravity\User\workspaceStorage\c1bf5a7c3c8aa80fbc692cb72ba1f529\redhat.java -Daether.dependencyCollector.impl=bf c:\Users\Mangesh\.antigravity\extensions\redhat.java-1.53.0-win32-x64\server\plugins\org.eclipse.equinox.launcher_1.7.100.v20251111-0406.jar -configuration c:\Users\Mangesh\AppData\Roaming\Antigravity\User\globalStorage\redhat.java\1.53.0\config_win -data c:\Users\Mangesh\AppData\Roaming\Antigravity\User\workspaceStorage\c1bf5a7c3c8aa80fbc692cb72ba1f529\redhat.java\jdt_ws --pipe=\\.\pipe\lsp-5df4f59b28dcee6bd6fab9271c19346d-sock

Host: Intel(R) Core(TM) i7-6600U CPU @ 2.60GHz, 4 cores, 7G,  Windows 10 , 64 bit Build 19041 (10.0.19041.5915)
Time: Thu Apr  9 21:17:47 2026 India Standard Time elapsed time: 31.265831 seconds (0d 0h 0m 31s)

---------------  T H R E A D  ---------------

Current thread (0x000001ce7086cfd0):  JavaThread "Framework Event Dispatcher: Equinox Container: a167065b-df31-4df9-9c5b-4c7019a2cd58" daemon [_thread_in_vm, id=11852, stack(0x00000082b4000000,0x00000082b4100000) (1024K)]

Stack: [0x00000082b4000000,0x00000082b4100000],  sp=0x00000082b40faf20,  free space=1003k
Native frames: (J=compiled Java code, j=interpreted, Vv=VM code, C=native code)
V  [jvm.dll+0x3e6683]
V  [jvm.dll+0x6d7952]
V  [jvm.dll+0x3e641e]
V  [jvm.dll+0x4589dc]
